0 info it worked if it ends with ok
1 verbose cli [ '/home/vince/.nvm/versions/node/v4.0.0/bin/node',
1 verbose cli   '/home/vince/.nvm/versions/node/v4.0.0/bin/npm',
1 verbose cli   'install' ]
2 info using npm@2.14.2
3 info using node@v4.0.0
4 verbose readDependencies loading dependencies from /media/vince/Linux_Data_Ext/dev/node/Video-Streaming/liveWC/package.json
5 warn package.json WCam-Live@0.0.1 No repository field.
6 warn package.json WCam-Live@0.0.1 No README data
7 verbose install where, deps [ '/media/vince/Linux_Data_Ext/dev/node/Video-Streaming/liveWC',
7 verbose install   [ 'socket.io',
7 verbose install     'log',
7 verbose install     'body-parser',
7 verbose install     'connect-ensure-login',
7 verbose install     'cookie-parser',
7 verbose install     'ejs',
7 verbose install     'express',
7 verbose install     'express-session',
7 verbose install     'morgan',
7 verbose install     'passport',
7 verbose install     'passport-local',
7 verbose install     'iron-router' ] ]
8 verbose install where, peers [ '/media/vince/Linux_Data_Ext/dev/node/Video-Streaming/liveWC',
8 verbose install   [] ]
9 verbose installManyTop reading for lifecycle /media/vince/Linux_Data_Ext/dev/node/Video-Streaming/liveWC/package.json
10 info preinstall WCam-Live@0.0.1
11 verbose installManyTop reading scoped package data from /media/vince/Linux_Data_Ext/dev/node/Video-Streaming/liveWC/node_modules/body-parser/package.json
12 verbose installManyTop reading scoped package data from /media/vince/Linux_Data_Ext/dev/node/Video-Streaming/liveWC/node_modules/connect-ensure-login/package.json
13 verbose installManyTop reading scoped package data from /media/vince/Linux_Data_Ext/dev/node/Video-Streaming/liveWC/node_modules/cookie-parser/package.json
14 verbose installManyTop reading scoped package data from /media/vince/Linux_Data_Ext/dev/node/Video-Streaming/liveWC/node_modules/ejs/package.json
15 verbose installManyTop reading scoped package data from /media/vince/Linux_Data_Ext/dev/node/Video-Streaming/liveWC/node_modules/express/package.json
16 verbose installManyTop reading scoped package data from /media/vince/Linux_Data_Ext/dev/node/Video-Streaming/liveWC/node_modules/express-session/package.json
17 verbose installManyTop reading scoped package data from /media/vince/Linux_Data_Ext/dev/node/Video-Streaming/liveWC/node_modules/log/package.json
18 verbose installManyTop reading scoped package data from /media/vince/Linux_Data_Ext/dev/node/Video-Streaming/liveWC/node_modules/morgan/package.json
19 verbose installManyTop reading scoped package data from /media/vince/Linux_Data_Ext/dev/node/Video-Streaming/liveWC/node_modules/passport/package.json
20 verbose installManyTop reading scoped package data from /media/vince/Linux_Data_Ext/dev/node/Video-Streaming/liveWC/node_modules/passport-local/package.json
21 verbose installManyTop reading scoped package data from /media/vince/Linux_Data_Ext/dev/node/Video-Streaming/liveWC/node_modules/socket.io/package.json
22 info package.json connect-ensure-login@0.1.1 No license field.
23 info package.json log@1.4.0 No repository field.
24 info package.json log@1.4.0 No license field.
25 info package.json passport-local@1.0.0 No license field.
26 verbose readDependencies loading dependencies from /media/vince/Linux_Data_Ext/dev/node/Video-Streaming/liveWC/package.json
27 verbose targetResolver reading package data from /media/vince/Linux_Data_Ext/dev/node/Video-Streaming/liveWC/node_modules/body-parser/package.json
28 verbose targetResolver reading package data from /media/vince/Linux_Data_Ext/dev/node/Video-Streaming/liveWC/node_modules/connect-ensure-login/package.json
29 verbose targetResolver reading package data from /media/vince/Linux_Data_Ext/dev/node/Video-Streaming/liveWC/node_modules/cookie-parser/package.json
30 verbose targetResolver reading package data from /media/vince/Linux_Data_Ext/dev/node/Video-Streaming/liveWC/node_modules/ejs/package.json
31 verbose targetResolver reading package data from /media/vince/Linux_Data_Ext/dev/node/Video-Streaming/liveWC/node_modules/express/package.json
32 verbose targetResolver reading package data from /media/vince/Linux_Data_Ext/dev/node/Video-Streaming/liveWC/node_modules/express-session/package.json
33 verbose targetResolver reading package data from /media/vince/Linux_Data_Ext/dev/node/Video-Streaming/liveWC/node_modules/log/package.json
34 verbose targetResolver reading package data from /media/vince/Linux_Data_Ext/dev/node/Video-Streaming/liveWC/node_modules/morgan/package.json
35 verbose targetResolver reading package data from /media/vince/Linux_Data_Ext/dev/node/Video-Streaming/liveWC/node_modules/passport/package.json
36 verbose targetResolver reading package data from /media/vince/Linux_Data_Ext/dev/node/Video-Streaming/liveWC/node_modules/passport-local/package.json
37 verbose targetResolver reading package data from /media/vince/Linux_Data_Ext/dev/node/Video-Streaming/liveWC/node_modules/socket.io/package.json
38 verbose already installed skipping passport@^0.2.2 /media/vince/Linux_Data_Ext/dev/node/Video-Streaming/liveWC
39 verbose already installed skipping passport-local@^1.0.0 /media/vince/Linux_Data_Ext/dev/node/Video-Streaming/liveWC
40 silly cache add args [ 'iron-router@*', null ]
41 verbose cache add spec iron-router@*
42 silly cache add parsed spec Result {
42 silly cache add   raw: 'iron-router@*',
42 silly cache add   scope: null,
42 silly cache add   name: 'iron-router',
42 silly cache add   rawSpec: '*',
42 silly cache add   spec: '*',
42 silly cache add   type: 'range' }
43 silly addNamed iron-router@*
44 verbose addNamed "*" is a valid semver range for iron-router
45 silly addNameRange { name: 'iron-router', range: '*', hasData: false }
46 silly mapToRegistry name iron-router
47 silly mapToRegistry using default registry
48 silly mapToRegistry registry https://registry.npmjs.org/
49 silly mapToRegistry uri https://registry.npmjs.org/iron-router
50 verbose addNameRange registry:https://registry.npmjs.org/iron-router not in flight; fetching
51 verbose already installed skipping socket.io@* /media/vince/Linux_Data_Ext/dev/node/Video-Streaming/liveWC
52 verbose already installed skipping log@* /media/vince/Linux_Data_Ext/dev/node/Video-Streaming/liveWC
53 verbose already installed skipping body-parser@^1.13.3 /media/vince/Linux_Data_Ext/dev/node/Video-Streaming/liveWC
54 verbose already installed skipping connect-ensure-login@^0.1.1 /media/vince/Linux_Data_Ext/dev/node/Video-Streaming/liveWC
55 verbose already installed skipping cookie-parser@^1.3.5 /media/vince/Linux_Data_Ext/dev/node/Video-Streaming/liveWC
56 verbose already installed skipping ejs@^2.3.3 /media/vince/Linux_Data_Ext/dev/node/Video-Streaming/liveWC
57 verbose already installed skipping express@^4.13.3 /media/vince/Linux_Data_Ext/dev/node/Video-Streaming/liveWC
58 verbose request uri https://registry.npmjs.org/iron-router
59 verbose request no auth needed
60 info attempt registry request try #1 at 17:02:28
61 verbose request id 70b196b9430d5632
62 http request GET https://registry.npmjs.org/iron-router
63 verbose already installed skipping express-session@^1.11.3 /media/vince/Linux_Data_Ext/dev/node/Video-Streaming/liveWC
64 verbose already installed skipping morgan@^1.6.1 /media/vince/Linux_Data_Ext/dev/node/Video-Streaming/liveWC
65 http 404 https://registry.npmjs.org/iron-router
66 verbose headers { 'content-type': 'application/json',
66 verbose headers   'cache-control': 'max-age=0',
66 verbose headers   'content-length': '2',
66 verbose headers   'accept-ranges': 'bytes',
66 verbose headers   date: 'Mon, 21 Nov 2016 16:02:28 GMT',
66 verbose headers   via: '1.1 varnish',
66 verbose headers   age: '0',
66 verbose headers   connection: 'keep-alive',
66 verbose headers   'x-served-by': 'cache-cdg8732-CDG',
66 verbose headers   'x-cache': 'MISS',
66 verbose headers   'x-cache-hits': '0',
66 verbose headers   'x-timer': 'S1479744148.435636,VS0,VE450',
66 verbose headers   vary: 'Accept-Encoding' }
67 silly get cb [ 404,
67 silly get   { 'content-type': 'application/json',
67 silly get     'cache-control': 'max-age=0',
67 silly get     'content-length': '2',
67 silly get     'accept-ranges': 'bytes',
67 silly get     date: 'Mon, 21 Nov 2016 16:02:28 GMT',
67 silly get     via: '1.1 varnish',
67 silly get     age: '0',
67 silly get     connection: 'keep-alive',
67 silly get     'x-served-by': 'cache-cdg8732-CDG',
67 silly get     'x-cache': 'MISS',
67 silly get     'x-cache-hits': '0',
67 silly get     'x-timer': 'S1479744148.435636,VS0,VE450',
67 silly get     vary: 'Accept-Encoding' } ]
68 verbose stack Error: Registry returned 404 for GET on https://registry.npmjs.org/iron-router
68 verbose stack     at makeError (/home/vince/.nvm/versions/node/v4.0.0/lib/node_modules/npm/node_modules/npm-registry-client/lib/request.js:263:12)
68 verbose stack     at CachingRegistryClient.<anonymous> (/home/vince/.nvm/versions/node/v4.0.0/lib/node_modules/npm/node_modules/npm-registry-client/lib/request.js:241:14)
68 verbose stack     at Request._callback (/home/vince/.nvm/versions/node/v4.0.0/lib/node_modules/npm/node_modules/npm-registry-client/lib/request.js:171:14)
68 verbose stack     at Request.self.callback (/home/vince/.nvm/versions/node/v4.0.0/lib/node_modules/npm/node_modules/request/request.js:198:22)
68 verbose stack     at emitTwo (events.js:87:13)
68 verbose stack     at Request.emit (events.js:172:7)
68 verbose stack     at Request.<anonymous> (/home/vince/.nvm/versions/node/v4.0.0/lib/node_modules/npm/node_modules/request/request.js:1073:14)
68 verbose stack     at emitOne (events.js:82:20)
68 verbose stack     at Request.emit (events.js:169:7)
68 verbose stack     at IncomingMessage.<anonymous> (/home/vince/.nvm/versions/node/v4.0.0/lib/node_modules/npm/node_modules/request/request.js:1019:12)
69 verbose statusCode 404
70 verbose pkgid iron-router
71 verbose cwd /media/vince/Linux_Data_Ext/dev/node/Video-Streaming/liveWC
72 error Linux 3.19.0-32-generic
73 error argv "/home/vince/.nvm/versions/node/v4.0.0/bin/node" "/home/vince/.nvm/versions/node/v4.0.0/bin/npm" "install"
74 error node v4.0.0
75 error npm  v2.14.2
76 error code E404
77 error 404 Registry returned 404 for GET on https://registry.npmjs.org/iron-router
77 error 404
77 error 404 'iron-router' is not in the npm registry.
77 error 404 You should bug the author to publish it (or use the name yourself!)
77 error 404 It was specified as a dependency of 'WCam-Live'
77 error 404
77 error 404 Note that you can also install from a
77 error 404 tarball, folder, http url, or git url.
78 verbose exit [ 1, true ]
